<?xml version="1.0" encoding="UTF-8"?>
<!-- Generated by org.testng.reporters.JUnitXMLReporter -->
<testsuite ignored="1" hostname="DESKTOP-ICIRA38" failures="0" tests="1" name="Default test" time="0.088" errors="0" timestamp="2020-05-02T14:55:54 BST">
  <testcase classname="MavenJava.SeleniumTest" name="elementSUT" time="0.027"/>
  <testcase classname="MavenJava.SeleniumTest" name="Brouserautomation" time="0.0">
    <ignored/>
  </testcase> <!-- Brouserautomation -->
</testsuite> <!-- Default test -->
