<?xml version="1.0" encoding="UTF-8"?>
<!-- Generated by org.testng.reporters.JUnitXMLReporter -->
<testsuite ignored="0" hostname="DESKTOP-ICIRA38" failures="0" tests="4" name="Command line test" time="0.059" errors="0" timestamp="2020-05-07T21:20:23 BST">
  <testcase classname="MavenJava.RestAPITest" name="TestAPI" time="0.007"/>
  <testcase classname="MavenJava.RestAPITest" name="TestAPI2" time="0.001"/>
  <testcase classname="MavenJava.SeleniumTest" name="Brouserautomation" time="0.001"/>
  <testcase classname="MavenJava.SeleniumTest" name="elementSUT" time="0.0"/>
</testsuite> <!-- Command line test -->
