<?xml version="1.0" encoding="UTF-8"?>
<!-- Generated by org.testng.reporters.JUnitXMLReporter -->
<testsuite ignored="0" hostname="DESKTOP-ICIRA38" failures="0" tests="4" name="Test" time="0.078" errors="0" timestamp="2020-05-03T14:39:38 BST">
  <testcase classname="MavenJava.SeleniumTest" name="Brouserautomation" time="0.016"/>
  <testcase classname="MavenJava.SeleniumTest" name="elementSUT" time="0.0"/>
  <testcase classname="MavenJava.RestAPITest" name="TestAPI" time="0.016"/>
  <testcase classname="MavenJava.RestAPITest" name="TestAPI2" time="0.0"/>
</testsuite> <!-- Test -->
